Using pre-set license
Built from '2022.3/china_unity/release' branch; Version is '2022.3.42f1c1 (d3f79ae33604) revision 13891482'; Using compiler version '192829333'; Build Type 'Release'
OS: 'Windows 11  (10.0.26100) 64bit Professional' Language: 'zh' Physical Memory: 32599 MB
BatchMode: 1, IsHumanControllingUs: 0, StartBugReporterOnCrash: 0, Is64bit: 1, IsPro: 1

COMMAND LINE ARGUMENTS:
E:\2022.3.42f1c1\Editor\Unity.exe
-adb2
-batchMode
-noUpm
-name
AssetImportWorker0
-projectPath
E:/UnityProjects/Two-dimensional-war
-logFile
Logs/AssetImportWorker0.log
-srvPort
59000
Successfully changed project path to: E:/UnityProjects/Two-dimensional-war
E:/UnityProjects/Two-dimensional-war
[UnityMemory] Configuration Parameters - Can be set up in boot.config
    "memorysetup-bucket-allocator-granularity=16"
    "memorysetup-bucket-allocator-bucket-count=8"
    "memorysetup-bucket-allocator-block-size=33554432"
    "memorysetup-bucket-allocator-block-count=8"
    "memorysetup-main-allocator-block-size=16777216"
    "memorysetup-thread-allocator-block-size=16777216"
    "memorysetup-gfx-main-allocator-block-size=16777216"
    "memorysetup-gfx-thread-allocator-block-size=16777216"
    "memorysetup-cache-allocator-block-size=4194304"
    "memorysetup-typetree-allocator-block-size=2097152"
    "memorysetup-profiler-bucket-allocator-granularity=16"
    "memorysetup-profiler-bucket-allocator-bucket-count=8"
    "memorysetup-profiler-bucket-allocator-block-size=33554432"
    "memorysetup-profiler-bucket-allocator-block-count=8"
    "memorysetup-profiler-allocator-block-size=16777216"
    "memorysetup-profiler-editor-allocator-block-size=1048576"
    "memorysetup-temp-allocator-size-main=16777216"
    "memorysetup-job-temp-allocator-block-size=2097152"
    "memorysetup-job-temp-allocator-block-size-background=1048576"
    "memorysetup-job-temp-allocator-reduction-small-platforms=262144"
    "memorysetup-allocator-temp-initial-block-size-main=262144"
    "memorysetup-allocator-temp-initial-block-size-worker=262144"
    "memorysetup-temp-allocator-size-background-worker=32768"
    "memorysetup-temp-allocator-size-job-worker=262144"
    "memorysetup-temp-allocator-size-preload-manager=33554432"
    "memorysetup-temp-allocator-size-nav-mesh-worker=65536"
    "memorysetup-temp-allocator-size-audio-worker=65536"
    "memorysetup-temp-allocator-size-cloud-worker=32768"
    "memorysetup-temp-allocator-size-gi-baking-worker=262144"
    "memorysetup-temp-allocator-size-gfx=262144"
Player connection [31896]  Target information:

Player connection [31896]  * "[IP] 10.11.27.200 [Port] 0 [Flags] 2 [Guid] 977012731 [EditorId] 977012731 [Version] 1048832 [Id] WindowsEditor(7,CHINAMI-V7CS1ND) [Debug] 1 [PackageName] WindowsEditor [ProjectName] Editor" 

Player connection [31896]  * "[IP] 26.79.196.18 [Port] 0 [Flags] 2 [Guid] 977012731 [EditorId] 977012731 [Version] 1048832 [Id] WindowsEditor(7,CHINAMI-V7CS1ND) [Debug] 1 [PackageName] WindowsEditor [ProjectName] Editor" 

Player connection [31896] Host joined multi-casting on [225.0.0.222:54997]...
Player connection [31896] Host joined alternative multi-casting on [225.0.0.222:34997]...
[PhysX] Initialized MultithreadedTaskDispatcher with 16 workers.
Refreshing native plugins compatible for Editor in 42.94 ms, found 3 plugins.
Preloading 0 native plugins for Editor in 0.00 ms.
Initialize engine version: 2022.3.42f1c1 (d3f79ae33604)
[Subsystems] Discovering subsystems at path E:/2022.3.42f1c1/Editor/Data/Resources/UnitySubsystems
[Subsystems] Discovering subsystems at path E:/UnityProjects/Two-dimensional-war/Assets
GfxDevice: creating device client; threaded=0; jobified=0
Direct3D:
    Version:  Direct3D 11.0 [level 11.1]
    Renderer: NVIDIA GeForce RTX 4070 SUPER (ID=0x2783)
    Vendor:   NVIDIA
    VRAM:     11999 MB
    Driver:   32.0.15.8115
Initialize mono
Mono path[0] = 'E:/2022.3.42f1c1/Editor/Data/Managed'
Mono path[1] = 'E:/2022.3.42f1c1/Editor/Data/MonoBleedingEdge/lib/mono/unityjit-win32'
Mono config path = 'E:/2022.3.42f1c1/Editor/Data/MonoBleedingEdge/etc'
Using monoOptions --debugger-agent=transport=dt_socket,embedding=1,server=y,suspend=n,address=127.0.0.1:56200
Begin MonoManager ReloadAssembly
Registering precompiled unity dll's ...
Register platform support module: E:/2022.3.42f1c1/Editor/Data/PlaybackEngines/AndroidPlayer/UnityEditor.Android.Extensions.dll
Register platform support module: E:/2022.3.42f1c1/Editor/Data/PlaybackEngines/WindowsStandaloneSupport/UnityEditor.WindowsStandalone.Extensions.dll
Registered in 0.017468 seconds.
- Loaded All Assemblies, in  0.375 seconds
Native extension for WindowsStandalone target not found
Native extension for Android target not found
Android Extension - Scanning For ADB Devices 1319 ms
Mono: successfully reloaded assembly
- Finished resetting the current domain, in  1.609 seconds
Domain Reload Profiling: 1974ms
	BeginReloadAssembly (127ms)
		ExecutionOrderSort (0ms)
		DisableScriptedObjects (0ms)
		BackupInstance (0ms)
		ReleaseScriptingObjects (0ms)
		CreateAndSetChildDomain (1ms)
	RebuildCommonClasses (34ms)
	RebuildNativeTypeToScriptingClass (7ms)
	initialDomainReloadingComplete (76ms)
	LoadAllAssembliesAndSetupDomain (121ms)
		LoadAssemblies (119ms)
		RebuildTransferFunctionScriptingTraits (0ms)
		AnalyzeDomain (118ms)
			TypeCache.Refresh (117ms)
				TypeCache.ScanAssembly (106ms)
			ScanForSourceGeneratedMonoScriptInfo (0ms)
			ResolveRequiredComponents (0ms)
	FinalizeReload (1609ms)
		ReleaseScriptCaches (0ms)
		RebuildScriptCaches (0ms)
		SetupLoadedEditorAssemblies (1575ms)
			LogAssemblyErrors (0ms)
			InitializePlatformSupportModulesInManaged (1423ms)
			SetLoadedEditorAssemblies (4ms)
			RefreshPlugins (0ms)
			BeforeProcessingInitializeOnLoad (2ms)
			ProcessInitializeOnLoadAttributes (98ms)
			ProcessInitializeOnLoadMethodAttributes (48ms)
			AfterProcessingInitializeOnLoad (0ms)
			EditorAssembliesLoaded (0ms)
		ExecutionOrderSort2 (0ms)
		AwakeInstancesAfterBackupRestoration (0ms)
========================================================================
Worker process is ready to serve import requests
Caller must complete domain reload
Begin MonoManager ReloadAssembly
Symbol file LoadedFromMemory is not a mono symbol file
- Loaded All Assemblies, in  1.034 seconds
Native extension for WindowsStandalone target not found
Native extension for Android target not found
[MODES] ModeService[none].Initialize
[MODES] ModeService[none].LoadModes
[MODES] Loading mode Default (0) for mode-current-id-Two-dimensional war
Mono: successfully reloaded assembly
- Finished resetting the current domain, in  0.876 seconds
Domain Reload Profiling: 1875ms
	BeginReloadAssembly (209ms)
		ExecutionOrderSort (0ms)
		DisableScriptedObjects (5ms)
		BackupInstance (0ms)
		ReleaseScriptingObjects (0ms)
		CreateAndSetChildDomain (22ms)
	RebuildCommonClasses (32ms)
	RebuildNativeTypeToScriptingClass (9ms)
	initialDomainReloadingComplete (76ms)
	LoadAllAssembliesAndSetupDomain (673ms)
		LoadAssemblies (604ms)
		RebuildTransferFunctionScriptingTraits (0ms)
		AnalyzeDomain (210ms)
			TypeCache.Refresh (176ms)
				TypeCache.ScanAssembly (159ms)
			ScanForSourceGeneratedMonoScriptInfo (23ms)
			ResolveRequiredComponents (9ms)
	FinalizeReload (876ms)
		ReleaseScriptCaches (0ms)
		RebuildScriptCaches (0ms)
		SetupLoadedEditorAssemblies (721ms)
			LogAssemblyErrors (0ms)
			InitializePlatformSupportModulesInManaged (36ms)
			SetLoadedEditorAssemblies (4ms)
			RefreshPlugins (0ms)
			BeforeProcessingInitializeOnLoad (127ms)
			ProcessInitializeOnLoadAttributes (441ms)
			ProcessInitializeOnLoadMethodAttributes (78ms)
			AfterProcessingInitializeOnLoad (33ms)
			EditorAssembliesLoaded (0ms)
		ExecutionOrderSort2 (0ms)
		AwakeInstancesAfterBackupRestoration (12ms)
Launched and connected shader compiler UnityShaderCompiler.exe after 0.09 seconds
Refreshing native plugins compatible for Editor in 21.05 ms, found 3 plugins.
Preloading 0 native plugins for Editor in 0.00 ms.
Unloading 5830 Unused Serialized files (Serialized files now loaded: 0)
Unloading 40 unused Assets / (421.7 KB). Loaded Objects now: 6299.
Memory consumption went from 226.8 MB to 226.4 MB.
Total: 3.436600 ms (FindLiveObjects: 0.307200 ms CreateObjectMapping: 0.199300 ms MarkObjects: 2.725000 ms  DeleteObjects: 0.204200 ms)

AssetImportParameters requested are different than current active one (requested -> active):
  custom:container-demuxer-ogg: 62fdf1f143b41e24485cea50d1cbac27 -> 
  custom:video-decoder-ogg-theora: a1e56fd34408186e4bbccfd4996cb3dc -> 
  custom:framework-win-MediaFoundation: 216162199b28c13a410421893ffa2e32 -> 
  custom:CustomObjectIndexerAttribute: 72b91833f83ae208fae7752999fa3104 -> 
  custom:container-demuxer-webm: 4f35f7cbe854078d1ac9338744f61a02 -> 
  custom:container-muxer-webm: aa71ff27fc2769a1b78a27578f13a17b -> 
  custom:video-decoder-webm-vp8: 9c59270c3fd7afecdb556c50c9e8de78 -> 
  custom:SearchIndexIgnoredProperties: e643bd26f0fe6173181afceb89e7c659 -> 
  custom:AudioImporter_EditorPlatform: d09bf68614088b80899f8185d706f6e7 -> 
  custom:video-encoder-webm-vp8: eb34c28f22e8b96e1ab97ce403110664 -> 
  custom:audio-decoder-ogg-vorbis: bf7c407c2cedff20999df2af8eb42d56 -> 
  custom:audio-encoder-webm-vorbis: bf7c407c2cedff20999df2af8eb42d56 -> 
========================================================================
Received Import Request.
  Time since last request: 5966.206439 seconds.
  path: Assets/Settings/SampleSceneProfile.asset
  artifactKey: Guid(a6560a915ef98420e9faacc1c7438823) Importer(815301076,1909f56bfc062723c751e8b465ee728b)
Start importing Assets/Settings/SampleSceneProfile.asset using Guid(a6560a915ef98420e9faacc1c7438823) Importer(815301076,1909f56bfc062723c751e8b465ee728b) [PhysX] Initialized MultithreadedTaskDispatcher with 16 workers.
 -> (artifact id: '2d947d11136880e03d2142ad07ddb38f') in 0.018409 seconds
Number of updated asset objects reloaded before import = 0
Number of asset objects unloaded after import = 3
========================================================================
Received Import Request.
  Time since last request: 48.834321 seconds.
  path: Assets/Settings/SampleSceneProfile.asset
  artifactKey: Guid(a6560a915ef98420e9faacc1c7438823) Importer(815301076,1909f56bfc062723c751e8b465ee728b)
Start importing Assets/Settings/SampleSceneProfile.asset using Guid(a6560a915ef98420e9faacc1c7438823) Importer(815301076,1909f56bfc062723c751e8b465ee728b) [PhysX] Initialized MultithreadedTaskDispatcher with 16 workers.
 -> (artifact id: '9f7d6a5f9e9fe9768756c0235f1ecc9b') in 0.001665 seconds
Number of updated asset objects reloaded before import = 0
Number of asset objects unloaded after import = 3
========================================================================
Received Import Request.
  Time since last request: 18.878958 seconds.
  path: Assets/Settings/SampleSceneProfile.asset
  artifactKey: Guid(a6560a915ef98420e9faacc1c7438823) Importer(815301076,1909f56bfc062723c751e8b465ee728b)
Start importing Assets/Settings/SampleSceneProfile.asset using Guid(a6560a915ef98420e9faacc1c7438823) Importer(815301076,1909f56bfc062723c751e8b465ee728b) [PhysX] Initialized MultithreadedTaskDispatcher with 16 workers.
 -> (artifact id: 'f67d5f884fb7931eb830a93bf8ab5b8f') in 0.001771 seconds
Number of updated asset objects reloaded before import = 0
Number of asset objects unloaded after import = 3
========================================================================
Received Import Request.
  Time since last request: 54.596252 seconds.
  path: Assets/Settings/SampleSceneProfile.asset
  artifactKey: Guid(a6560a915ef98420e9faacc1c7438823) Importer(815301076,1909f56bfc062723c751e8b465ee728b)
Start importing Assets/Settings/SampleSceneProfile.asset using Guid(a6560a915ef98420e9faacc1c7438823) Importer(815301076,1909f56bfc062723c751e8b465ee728b) [PhysX] Initialized MultithreadedTaskDispatcher with 16 workers.
 -> (artifact id: '3b9713093eedd30a0efed65b5e38dcae') in 0.001710 seconds
Number of updated asset objects reloaded before import = 0
Number of asset objects unloaded after import = 3
========================================================================
Received Import Request.
  Time since last request: 9.140090 seconds.
  path: Assets/Settings/SampleSceneProfile.asset
  artifactKey: Guid(a6560a915ef98420e9faacc1c7438823) Importer(815301076,1909f56bfc062723c751e8b465ee728b)
Start importing Assets/Settings/SampleSceneProfile.asset using Guid(a6560a915ef98420e9faacc1c7438823) Importer(815301076,1909f56bfc062723c751e8b465ee728b) [PhysX] Initialized MultithreadedTaskDispatcher with 16 workers.
 -> (artifact id: 'f2c8c369fe681b1b9ecf56df1f119e63') in 0.001941 seconds
Number of updated asset objects reloaded before import = 0
Number of asset objects unloaded after import = 3
========================================================================
Received Prepare
Caller must complete domain reload
Begin MonoManager ReloadAssembly
Symbol file LoadedFromMemory is not a mono symbol file
- Loaded All Assemblies, in  0.758 seconds
Native extension for WindowsStandalone target not found
Native extension for Android target not found
[MODES] ModeService[none].Initialize
[MODES] ModeService[none].LoadModes
[MODES] Loading mode Default (0) for mode-current-id-Two-dimensional war
Mono: successfully reloaded assembly
- Finished resetting the current domain, in  2.440 seconds
Domain Reload Profiling: 3170ms
	BeginReloadAssembly (200ms)
		ExecutionOrderSort (0ms)
		DisableScriptedObjects (3ms)
		BackupInstance (0ms)
		ReleaseScriptingObjects (0ms)
		CreateAndSetChildDomain (30ms)
	RebuildCommonClasses (27ms)
	RebuildNativeTypeToScriptingClass (7ms)
	initialDomainReloadingComplete (64ms)
	LoadAllAssembliesAndSetupDomain (431ms)
		LoadAssemblies (529ms)
		RebuildTransferFunctionScriptingTraits (0ms)
		AnalyzeDomain (17ms)
			TypeCache.Refresh (5ms)
				TypeCache.ScanAssembly (0ms)
			ScanForSourceGeneratedMonoScriptInfo (0ms)
			ResolveRequiredComponents (10ms)
	FinalizeReload (2440ms)
		ReleaseScriptCaches (0ms)
		RebuildScriptCaches (0ms)
		SetupLoadedEditorAssemblies (603ms)
			LogAssemblyErrors (0ms)
			InitializePlatformSupportModulesInManaged (32ms)
			SetLoadedEditorAssemblies (3ms)
			RefreshPlugins (0ms)
			BeforeProcessingInitializeOnLoad (119ms)
			ProcessInitializeOnLoadAttributes (363ms)
			ProcessInitializeOnLoadMethodAttributes (59ms)
			AfterProcessingInitializeOnLoad (28ms)
			EditorAssembliesLoaded (0ms)
		ExecutionOrderSort2 (0ms)
		AwakeInstancesAfterBackupRestoration (23ms)
Refreshing native plugins compatible for Editor in 19.66 ms, found 3 plugins.
Preloading 0 native plugins for Editor in 0.00 ms.
Unloading 5672 Unused Serialized files (Serialized files now loaded: 0)
Unloading 21 unused Assets / (387.7 KB). Loaded Objects now: 6318.
Memory consumption went from 198.5 MB to 198.2 MB.
Total: 2.987400 ms (FindLiveObjects: 0.318300 ms CreateObjectMapping: 0.261000 ms MarkObjects: 2.320300 ms  DeleteObjects: 0.087100 ms)

Prepare: number of updated asset objects reloaded= 0
AssetImportParameters requested are different than current active one (requested -> active):
  custom:container-demuxer-ogg: 62fdf1f143b41e24485cea50d1cbac27 -> 
  custom:video-decoder-ogg-theora: a1e56fd34408186e4bbccfd4996cb3dc -> 
  custom:framework-win-MediaFoundation: 216162199b28c13a410421893ffa2e32 -> 
  custom:CustomObjectIndexerAttribute: 72b91833f83ae208fae7752999fa3104 -> 
  custom:container-demuxer-webm: 4f35f7cbe854078d1ac9338744f61a02 -> 
  custom:container-muxer-webm: aa71ff27fc2769a1b78a27578f13a17b -> 
  custom:video-decoder-webm-vp8: 9c59270c3fd7afecdb556c50c9e8de78 -> 
  custom:SearchIndexIgnoredProperties: e643bd26f0fe6173181afceb89e7c659 -> 
  custom:AudioImporter_EditorPlatform: d09bf68614088b80899f8185d706f6e7 -> 
  custom:video-encoder-webm-vp8: eb34c28f22e8b96e1ab97ce403110664 -> 
  custom:audio-decoder-ogg-vorbis: bf7c407c2cedff20999df2af8eb42d56 -> 
  custom:audio-encoder-webm-vorbis: bf7c407c2cedff20999df2af8eb42d56 -> 
========================================================================
Received Prepare
Caller must complete domain reload
Begin MonoManager ReloadAssembly
Symbol file LoadedFromMemory is not a mono symbol file
- Loaded All Assemblies, in  0.720 seconds
Native extension for WindowsStandalone target not found
Native extension for Android target not found
Error saving file Library/StateCache/LayerSettings/9e/9ecc5c3c162a7aba29bafa64c8b94b7c.json. Error: System.IO.IOException: Sharing violation on path E:\UnityProjects\Two-dimensional-war\Library\StateCache\LayerSettings\9e\9ecc5c3c162a7aba29bafa64c8b94b7c.json
  at System.IO.FileStream..ctor (System.String path, System.IO.FileMode mode, System.IO.FileAccess access, System.IO.FileShare share, System.Int32 bufferSize, System.Boolean anonymous, System.IO.FileOptions options) [0x0019e] in <8ce0bd04a7a04b4b9395538239d3fdd8>:0 
  at System.IO.FileStream..ctor (System.String path, System.IO.FileMode mode, System.IO.FileAccess access, System.IO.FileShare share, System.Int32 bufferSize, System.IO.FileOptions options) [0x00000] in <8ce0bd04a7a04b4b9395538239d3fdd8>:0 
  at (wrapper remoting-invoke-with-check) System.IO.FileStream..ctor(string,System.IO.FileMode,System.IO.FileAccess,System.IO.FileShare,int,System.IO.FileOptions)
  at System.IO.StreamWriter..ctor (System.String path, System.Boolean append, System.Text.Encoding encoding, System.Int32 bufferSize) [0x00055] in <8ce0bd04a7a04b4b9395538239d3fdd8>:0 
  at System.IO.StreamWriter..ctor (System.String path, System.Boolean append, System.Text.Encoding encoding) [0x00000] in <8ce0bd04a7a04b4b9395538239d3fdd8>:0 
  at (wrapper remoting-invoke-with-check) System.IO.StreamWriter..ctor(string,bool,System.Text.Encoding)
  at System.IO.File.WriteAllText (System.String path, System.String contents, System.Text.Encoding encoding) [0x00034] in <8ce0bd04a7a04b4b9395538239d3fdd8>:0 
  at UnityEditor.StateCache`1[T].SetState (UnityEngine.Hash128 key, T obj) [0x0004b] in <b7cc06396ae047168d7fce5c3a820b53>:0 
UnityEngine.StackTraceUtility:ExtractStackTrace ()
UnityEngine.DebugLogHandler:LogFormat (UnityEngine.LogType,UnityEngine.Object,string,object[])
UnityEngine.Logger:Log (UnityEngine.LogType,object)
UnityEngine.Debug:LogError (object)
UnityEditor.StateCache`1<UnityEditor.Tools/LayerSettings>:SetState (UnityEngine.Hash128,UnityEditor.Tools/LayerSettings)
UnityEditor.Tools:set_lockedLayers (int)
UnityEditor.Tools:OnEnable ()
UnityEngine.ScriptableObject:CreateInstance (System.Type)
UnityEngine.ScriptableObject:CreateInstance<UnityEditor.Tools> ()
UnityEditor.Tools:get_get ()
UnityEditor.Tools:get_visibleLayers ()
UnityEditor.Animations.Rigging.BoneRendererUtils:.cctor () (at ./Library/PackageCache/com.unity.animation.rigging@1.2.1/Editor/Utils/BoneRendererUtils.cs:121)
System.Runtime.CompilerServices.RuntimeHelpers:RunClassConstructor (System.RuntimeTypeHandle)
UnityEditor.EditorAssemblies:ProcessInitializeOnLoadAttributes (System.Type[])

(Filename: ./Library/PackageCache/com.unity.animation.rigging@1.2.1/Editor/Utils/BoneRendererUtils.cs Line: 121)

[MODES] ModeService[none].Initialize
[MODES] ModeService[none].LoadModes
[MODES] Loading mode Default (0) for mode-current-id-Two-dimensional war
Mono: successfully reloaded assembly
- Finished resetting the current domain, in  2.381 seconds
Domain Reload Profiling: 3077ms
	BeginReloadAssembly (187ms)
		ExecutionOrderSort (0ms)
		DisableScriptedObjects (4ms)
		BackupInstance (0ms)
		ReleaseScriptingObjects (0ms)
		CreateAndSetChildDomain (27ms)
	RebuildCommonClasses (25ms)
	RebuildNativeTypeToScriptingClass (7ms)
	initialDomainReloadingComplete (57ms)
	LoadAllAssembliesAndSetupDomain (420ms)
		LoadAssemblies (509ms)
		RebuildTransferFunctionScriptingTraits (0ms)
		AnalyzeDomain (18ms)
			TypeCache.Refresh (5ms)
				TypeCache.ScanAssembly (0ms)
			ScanForSourceGeneratedMonoScriptInfo (0ms)
			ResolveRequiredComponents (11ms)
	FinalizeReload (2381ms)
		ReleaseScriptCaches (0ms)
		RebuildScriptCaches (0ms)
		SetupLoadedEditorAssemblies (614ms)
			LogAssemblyErrors (0ms)
			InitializePlatformSupportModulesInManaged (32ms)
			SetLoadedEditorAssemblies (3ms)
			RefreshPlugins (0ms)
			BeforeProcessingInitializeOnLoad (110ms)
			ProcessInitializeOnLoadAttributes (374ms)
			ProcessInitializeOnLoadMethodAttributes (61ms)
			AfterProcessingInitializeOnLoad (34ms)
			EditorAssembliesLoaded (0ms)
		ExecutionOrderSort2 (0ms)
		AwakeInstancesAfterBackupRestoration (26ms)
Refreshing native plugins compatible for Editor in 18.19 ms, found 3 plugins.
Preloading 0 native plugins for Editor in 0.00 ms.
Unloading 5672 Unused Serialized files (Serialized files now loaded: 0)
Unloading 21 unused Assets / (387.8 KB). Loaded Objects now: 6336.
Memory consumption went from 198.6 MB to 198.2 MB.
Total: 3.095600 ms (FindLiveObjects: 0.298900 ms CreateObjectMapping: 0.290400 ms MarkObjects: 2.403400 ms  DeleteObjects: 0.101700 ms)

Prepare: number of updated asset objects reloaded= 0
AssetImportParameters requested are different than current active one (requested -> active):
  custom:container-demuxer-ogg: 62fdf1f143b41e24485cea50d1cbac27 -> 
  custom:video-decoder-ogg-theora: a1e56fd34408186e4bbccfd4996cb3dc -> 
  custom:framework-win-MediaFoundation: 216162199b28c13a410421893ffa2e32 -> 
  custom:CustomObjectIndexerAttribute: 72b91833f83ae208fae7752999fa3104 -> 
  custom:container-demuxer-webm: 4f35f7cbe854078d1ac9338744f61a02 -> 
  custom:container-muxer-webm: aa71ff27fc2769a1b78a27578f13a17b -> 
  custom:video-decoder-webm-vp8: 9c59270c3fd7afecdb556c50c9e8de78 -> 
  custom:SearchIndexIgnoredProperties: e643bd26f0fe6173181afceb89e7c659 -> 
  custom:AudioImporter_EditorPlatform: d09bf68614088b80899f8185d706f6e7 -> 
  custom:video-encoder-webm-vp8: eb34c28f22e8b96e1ab97ce403110664 -> 
  custom:audio-decoder-ogg-vorbis: bf7c407c2cedff20999df2af8eb42d56 -> 
  custom:audio-encoder-webm-vorbis: bf7c407c2cedff20999df2af8eb42d56 -> 
========================================================================
Received Import Request.
  Time since last request: 54.873474 seconds.
  path: Assets/Settings/SampleSceneProfile.asset
  artifactKey: Guid(a6560a915ef98420e9faacc1c7438823) Importer(815301076,1909f56bfc062723c751e8b465ee728b)
Start importing Assets/Settings/SampleSceneProfile.asset using Guid(a6560a915ef98420e9faacc1c7438823) Importer(815301076,1909f56bfc062723c751e8b465ee728b) [PhysX] Initialized MultithreadedTaskDispatcher with 16 workers.
 -> (artifact id: 'ac83cb55d6c8b4e634f2e04061d888bf') in 0.020972 seconds
Number of updated asset objects reloaded before import = 0
Number of asset objects unloaded after import = 3
========================================================================
Received Prepare
Caller must complete domain reload
Begin MonoManager ReloadAssembly
Symbol file LoadedFromMemory is not a mono symbol file
- Loaded All Assemblies, in  0.725 seconds
Native extension for WindowsStandalone target not found
Native extension for Android target not found
[MODES] ModeService[none].Initialize
[MODES] ModeService[none].LoadModes
[MODES] Loading mode Default (0) for mode-current-id-Two-dimensional war
Error saving file Library/StateCache/LayerSettings/9e/9ecc5c3c162a7aba29bafa64c8b94b7c.json. Error: System.IO.IOException: Sharing violation on path E:\UnityProjects\Two-dimensional-war\Library\StateCache\LayerSettings\9e\9ecc5c3c162a7aba29bafa64c8b94b7c.json
  at System.IO.FileStream..ctor (System.String path, System.IO.FileMode mode, System.IO.FileAccess access, System.IO.FileShare share, System.Int32 bufferSize, System.Boolean anonymous, System.IO.FileOptions options) [0x0019e] in <8ce0bd04a7a04b4b9395538239d3fdd8>:0 
  at System.IO.FileStream..ctor (System.String path, System.IO.FileMode mode, System.IO.FileAccess access, System.IO.FileShare share, System.Int32 bufferSize, System.IO.FileOptions options) [0x00000] in <8ce0bd04a7a04b4b9395538239d3fdd8>:0 
  at (wrapper remoting-invoke-with-check) System.IO.FileStream..ctor(string,System.IO.FileMode,System.IO.FileAccess,System.IO.FileShare,int,System.IO.FileOptions)
  at System.IO.StreamWriter..ctor (System.String path, System.Boolean append, System.Text.Encoding encoding, System.Int32 bufferSize) [0x00055] in <8ce0bd04a7a04b4b9395538239d3fdd8>:0 
  at System.IO.StreamWriter..ctor (System.String path, System.Boolean append, System.Text.Encoding encoding) [0x00000] in <8ce0bd04a7a04b4b9395538239d3fdd8>:0 
  at (wrapper remoting-invoke-with-check) System.IO.StreamWriter..ctor(string,bool,System.Text.Encoding)
  at System.IO.File.WriteAllText (System.String path, System.String contents, System.Text.Encoding encoding) [0x00034] in <8ce0bd04a7a04b4b9395538239d3fdd8>:0 
  at UnityEditor.StateCache`1[T].SetState (UnityEngine.Hash128 key, T obj) [0x0004b] in <b7cc06396ae047168d7fce5c3a820b53>:0 
UnityEngine.StackTraceUtility:ExtractStackTrace ()
UnityEngine.DebugLogHandler:LogFormat (UnityEngine.LogType,UnityEngine.Object,string,object[])
UnityEngine.Logger:Log (UnityEngine.LogType,object)
UnityEngine.Debug:LogError (object)
UnityEditor.StateCache`1<UnityEditor.Tools/LayerSettings>:SetState (UnityEngine.Hash128,UnityEditor.Tools/LayerSettings)
UnityEditor.Tools:set_lockedLayers (int)
UnityEditor.Tools:OnEnable ()

URP-HighFidelity-Renderer is missing RendererFeatures
This could be due to missing scripts or compile error.
UnityEngine.StackTraceUtility:ExtractStackTrace ()
UnityEngine.DebugLogHandler:LogFormat (UnityEngine.LogType,UnityEngine.Object,string,object[])
UnityEngine.Logger:Log (UnityEngine.LogType,object,UnityEngine.Object)
UnityEngine.Debug:LogError (object,UnityEngine.Object)
UnityEngine.Rendering.Universal.ScriptableRendererData:ValidateRendererFeatures () (at ./Library/PackageCache/com.unity.render-pipelines.universal@14.0.11/Runtime/ScriptableRendererData.cs:199)
UnityEngine.Rendering.Universal.ScriptableRendererData:OnValidate () (at ./Library/PackageCache/com.unity.render-pipelines.universal@14.0.11/Runtime/ScriptableRendererData.cs:88)

(Filename: ./Library/PackageCache/com.unity.render-pipelines.universal@14.0.11/Runtime/ScriptableRendererData.cs Line: 199)

Mono: successfully reloaded assembly
- Finished resetting the current domain, in  2.138 seconds
Domain Reload Profiling: 2836ms
	BeginReloadAssembly (189ms)
		ExecutionOrderSort (0ms)
		DisableScriptedObjects (4ms)
		BackupInstance (0ms)
		ReleaseScriptingObjects (0ms)
		CreateAndSetChildDomain (26ms)
	RebuildCommonClasses (26ms)
	RebuildNativeTypeToScriptingClass (9ms)
	initialDomainReloadingComplete (63ms)
	LoadAllAssembliesAndSetupDomain (410ms)
		LoadAssemblies (487ms)
		RebuildTransferFunctionScriptingTraits (0ms)
		AnalyzeDomain (35ms)
			TypeCache.Refresh (8ms)
				TypeCache.ScanAssembly (0ms)
			ScanForSourceGeneratedMonoScriptInfo (17ms)
			ResolveRequiredComponents (9ms)
	FinalizeReload (2139ms)
		ReleaseScriptCaches (0ms)
		RebuildScriptCaches (0ms)
		SetupLoadedEditorAssemblies (543ms)
			LogAssemblyErrors (0ms)
			InitializePlatformSupportModulesInManaged (35ms)
			SetLoadedEditorAssemblies (3ms)
			RefreshPlugins (0ms)
			BeforeProcessingInitializeOnLoad (113ms)
			ProcessInitializeOnLoadAttributes (311ms)
			ProcessInitializeOnLoadMethodAttributes (50ms)
			AfterProcessingInitializeOnLoad (31ms)
			EditorAssembliesLoaded (0ms)
		ExecutionOrderSort2 (0ms)
		AwakeInstancesAfterBackupRestoration (25ms)
Refreshing native plugins compatible for Editor in 16.92 ms, found 3 plugins.
Preloading 0 native plugins for Editor in 0.00 ms.
Unloading 5605 Unused Serialized files (Serialized files now loaded: 0)
Unloading 55 unused Assets / (404.9 KB). Loaded Objects now: 6321.
Memory consumption went from 196.6 MB to 196.2 MB.
Total: 3.019600 ms (FindLiveObjects: 0.348400 ms CreateObjectMapping: 0.212200 ms MarkObjects: 2.339800 ms  DeleteObjects: 0.118100 ms)

Prepare: number of updated asset objects reloaded= 55
AssetImportParameters requested are different than current active one (requested -> active):
  custom:container-demuxer-ogg: 62fdf1f143b41e24485cea50d1cbac27 -> 
  custom:video-decoder-ogg-theora: a1e56fd34408186e4bbccfd4996cb3dc -> 
  custom:framework-win-MediaFoundation: 216162199b28c13a410421893ffa2e32 -> 
  custom:CustomObjectIndexerAttribute: 72b91833f83ae208fae7752999fa3104 -> 
  custom:container-demuxer-webm: 4f35f7cbe854078d1ac9338744f61a02 -> 
  custom:container-muxer-webm: aa71ff27fc2769a1b78a27578f13a17b -> 
  custom:video-decoder-webm-vp8: 9c59270c3fd7afecdb556c50c9e8de78 -> 
  custom:SearchIndexIgnoredProperties: e643bd26f0fe6173181afceb89e7c659 -> 
  custom:AudioImporter_EditorPlatform: d09bf68614088b80899f8185d706f6e7 -> 
  custom:video-encoder-webm-vp8: eb34c28f22e8b96e1ab97ce403110664 -> 
  custom:audio-decoder-ogg-vorbis: bf7c407c2cedff20999df2af8eb42d56 -> 
  custom:audio-encoder-webm-vorbis: bf7c407c2cedff20999df2af8eb42d56 -> 
  custom:scripting/precompiled-assembly-types:HSR.NPRShader.Shaders:  -> 8062859b364a85877c2d2e72d896d837
  custom:scripting/precompiled-assembly-types:HSR.NPRShader.Editor:  -> fd8122b6a4086c218da7380e2acd01ed
  custom:scripting/precompiled-assembly-types:HSR.NPRShader.Runtime:  -> 0a3f53064f1a78e78a8642fb88af6969
========================================================================
Received Prepare
Caller must complete domain reload
Begin MonoManager ReloadAssembly
Symbol file LoadedFromMemory is not a mono symbol file
- Loaded All Assemblies, in  0.683 seconds
Native extension for WindowsStandalone target not found
Native extension for Android target not found
[MODES] ModeService[none].Initialize
[MODES] ModeService[none].LoadModes
[MODES] Loading mode Default (0) for mode-current-id-Two-dimensional war
Error saving file Library/StateCache/LayerSettings/9e/9ecc5c3c162a7aba29bafa64c8b94b7c.json. Error: System.IO.IOException: Sharing violation on path E:\UnityProjects\Two-dimensional-war\Library\StateCache\LayerSettings\9e\9ecc5c3c162a7aba29bafa64c8b94b7c.json
  at System.IO.FileStream..ctor (System.String path, System.IO.FileMode mode, System.IO.FileAccess access, System.IO.FileShare share, System.Int32 bufferSize, System.Boolean anonymous, System.IO.FileOptions options) [0x0019e] in <8ce0bd04a7a04b4b9395538239d3fdd8>:0 
  at System.IO.FileStream..ctor (System.String path, System.IO.FileMode mode, System.IO.FileAccess access, System.IO.FileShare share, System.Int32 bufferSize, System.IO.FileOptions options) [0x00000] in <8ce0bd04a7a04b4b9395538239d3fdd8>:0 
  at (wrapper remoting-invoke-with-check) System.IO.FileStream..ctor(string,System.IO.FileMode,System.IO.FileAccess,System.IO.FileShare,int,System.IO.FileOptions)
  at System.IO.StreamWriter..ctor (System.String path, System.Boolean append, System.Text.Encoding encoding, System.Int32 bufferSize) [0x00055] in <8ce0bd04a7a04b4b9395538239d3fdd8>:0 
  at System.IO.StreamWriter..ctor (System.String path, System.Boolean append, System.Text.Encoding encoding) [0x00000] in <8ce0bd04a7a04b4b9395538239d3fdd8>:0 
  at (wrapper remoting-invoke-with-check) System.IO.StreamWriter..ctor(string,bool,System.Text.Encoding)
  at System.IO.File.WriteAllText (System.String path, System.String contents, System.Text.Encoding encoding) [0x00034] in <8ce0bd04a7a04b4b9395538239d3fdd8>:0 
  at UnityEditor.StateCache`1[T].SetState (UnityEngine.Hash128 key, T obj) [0x0004b] in <b7cc06396ae047168d7fce5c3a820b53>:0 
UnityEngine.StackTraceUtility:ExtractStackTrace ()
UnityEngine.DebugLogHandler:LogFormat (UnityEngine.LogType,UnityEngine.Object,string,object[])
UnityEngine.Logger:Log (UnityEngine.LogType,object)
UnityEngine.Debug:LogError (object)
UnityEditor.StateCache`1<UnityEditor.Tools/LayerSettings>:SetState (UnityEngine.Hash128,UnityEditor.Tools/LayerSettings)
UnityEditor.Tools:set_lockedLayers (int)
UnityEditor.Tools:OnEnable ()

URP-HighFidelity-Renderer is missing RendererFeatures
This could be due to missing scripts or compile error.
UnityEngine.StackTraceUtility:ExtractStackTrace ()
UnityEngine.DebugLogHandler:LogFormat (UnityEngine.LogType,UnityEngine.Object,string,object[])
UnityEngine.Logger:Log (UnityEngine.LogType,object,UnityEngine.Object)
UnityEngine.Debug:LogError (object,UnityEngine.Object)
UnityEngine.Rendering.Universal.ScriptableRendererData:ValidateRendererFeatures () (at ./Library/PackageCache/com.unity.render-pipelines.universal@14.0.11/Runtime/ScriptableRendererData.cs:199)
UnityEngine.Rendering.Universal.ScriptableRendererData:OnValidate () (at ./Library/PackageCache/com.unity.render-pipelines.universal@14.0.11/Runtime/ScriptableRendererData.cs:88)

(Filename: ./Library/PackageCache/com.unity.render-pipelines.universal@14.0.11/Runtime/ScriptableRendererData.cs Line: 199)

Mono: successfully reloaded assembly
- Finished resetting the current domain, in  2.059 seconds
Domain Reload Profiling: 2715ms
	BeginReloadAssembly (184ms)
		ExecutionOrderSort (0ms)
		DisableScriptedObjects (4ms)
		BackupInstance (0ms)
		ReleaseScriptingObjects (0ms)
		CreateAndSetChildDomain (25ms)
	RebuildCommonClasses (26ms)
	RebuildNativeTypeToScriptingClass (8ms)
	initialDomainReloadingComplete (66ms)
	LoadAllAssembliesAndSetupDomain (372ms)
		LoadAssemblies (443ms)
		RebuildTransferFunctionScriptingTraits (0ms)
		AnalyzeDomain (36ms)
			TypeCache.Refresh (9ms)
				TypeCache.ScanAssembly (2ms)
			ScanForSourceGeneratedMonoScriptInfo (17ms)
			ResolveRequiredComponents (8ms)
	FinalizeReload (2059ms)
		ReleaseScriptCaches (0ms)
		RebuildScriptCaches (0ms)
		SetupLoadedEditorAssemblies (528ms)
			LogAssemblyErrors (0ms)
			InitializePlatformSupportModulesInManaged (33ms)
			SetLoadedEditorAssemblies (2ms)
			RefreshPlugins (0ms)
			BeforeProcessingInitializeOnLoad (103ms)
			ProcessInitializeOnLoadAttributes (303ms)
			ProcessInitializeOnLoadMethodAttributes (51ms)
			AfterProcessingInitializeOnLoad (34ms)
			EditorAssembliesLoaded (0ms)
		ExecutionOrderSort2 (0ms)
		AwakeInstancesAfterBackupRestoration (32ms)
Refreshing native plugins compatible for Editor in 15.38 ms, found 3 plugins.
Preloading 0 native plugins for Editor in 0.00 ms.
Unloading 5683 Unused Serialized files (Serialized files now loaded: 0)
Unloading 29 unused Assets / (0.8 MB). Loaded Objects now: 6365.
Memory consumption went from 200.4 MB to 199.6 MB.
Total: 3.345600 ms (FindLiveObjects: 0.285800 ms CreateObjectMapping: 0.186300 ms MarkObjects: 2.562000 ms  DeleteObjects: 0.310300 ms)

Prepare: number of updated asset objects reloaded= 83
AssetImportParameters requested are different than current active one (requested -> active):
  custom:scripting/monoscript/fileName/StarRailRendererFeature.cs: 2afab6003b8c839cb0a006c3df85a4fb -> a89d8f40ec39298b9f42179128218849
  custom:container-demuxer-ogg: 62fdf1f143b41e24485cea50d1cbac27 -> 
  custom:scripting/monoscript/fileName/RampTextureDrawer.cs: 0c5c1d189673aa030cffe87982e07b26 -> cc69a11ead40b7e05945eb4c2f4ddc82
  custom:scripting/monoscript/fileName/TextureJsonData.cs: 9d9f0ba616ef993ce92064f57fb00635 -> cc95822d3ac8b263249bebecebd9913a
  custom:scripting/monoscript/fileName/HSRMaterialIDFoldoutDrawer.cs: 598089a348570b557872b5f4d8c934c6 -> 7ae55af0812934598cd8bc5547462c62
  custom:scripting/monoscript/fileName/PostHelpBoxWrapper.cs: 92c277c7c5920a09a027e0eba1f39d8e -> ba3a2e25a0a8b17389cd2be5292935b1
  custom:video-decoder-ogg-theora: a1e56fd34408186e4bbccfd4996cb3dc -> 
  custom:scripting/monoscript/fileName/ShadowCasterCullingResult.cs: b1454dd24a278839a504790a5e441849 -> 6ab49a70f30b33cee88ea3fa52edb5ad
  custom:scripting/monoscript/fileName/FaceMaskMaterialSetter.cs: 2408538bdc3def89c2ed2e292c7c0c41 -> f4369658724f75f9f77a1da09f9ec866
  custom:framework-win-MediaFoundation: 216162199b28c13a410421893ffa2e32 -> 
  custom:scripting/monoscript/fileName/TexturePostprocessor.cs: 7ba1a5bd1668b5fc711c3604d0acfa06 -> 183ff1240ed672481ae90d4b8f91cd31
  custom:scripting/monoscript/fileName/BaseMaterialSetter.cs: 711b54d8961b5bc60a7d4cb918389097 -> effc4505f65a8eafef7d38d9e3859d5d
  custom:scripting/monoscript/fileName/HelpBoxWrapper.cs: 377b525669ee2cad6b6318e9e2c3bb6e -> ba5a9db59574c130cdb24109fccae77f
  custom:scripting/monoscript/fileName/TextureScaleOffsetDrawer.cs: 259340b3710d7f36492db2554bdba512 -> 760a7dac3ea90a3e3ab41fa06557f6a6
  custom:scripting/monoscript/fileName/AssetProcessorGlobalSettings.cs: 161260a0e2a9422314c771e6c8c4e715 -> 8a60fb203128dfb1e12512fb7d01a134
  custom:scripting/monoscript/fileName/RendererUtility.cs: 90559804471bfcd2b6d108332fa73d4c -> ca91e771f407aaada0fd5901e6f1b795
  custom:scripting/monoscript/fileName/HSRMaterialViewer.cs: 9d01e521aefbfb02ffd98480081ec764 -> a28497be1c52875489dcb1a63206b540
  custom:scripting/monoscript/fileName/ShaderStripper.cs: 03bf3276f1eb17fd418a013ac5a52ee8 -> 528d11738831bc1e9aa51b1ebaf8112c
  custom:scripting/monoscript/fileName/PresetModificationProcessor.cs: 8b41b6aec63c9ec9ce4d73f39a0437c6 -> 7ad5cb388fa533ea473a6013e3573496
  custom:scripting/monoscript/fileName/FaceMaterialSetter.cs: 4074cdc18129296fd9079f32996e4de6 -> d184aa2174d7f39c00346564047caa61
  custom:scripting/monoscript/fileName/HairMaterialSetter.cs: ed38aba6900af9c98728f375afb6d0f7 -> 7cd0ce1047e9f66bcc311fc7aa25e9e9
  custom:CustomObjectIndexerAttribute: 72b91833f83ae208fae7752999fa3104 -> 
  custom:scripting/monoscript/fileName/PerObjectShadowCasterPreviewPass.cs: 8a2c01695513b279aff5d248c169cb6a -> 76555954ab9dd60080dfdd90abf1b264
  custom:scripting/monoscript/fileName/MaterialUtility.cs: b5c08839f5c49199a83329628f14eede -> fd3f89fa9800a1d948494f964e6d2271
  custom:scripting/monoscript/fileName/CustomTonemapping.cs: 1958a0ff5f519fbd279f7e9bd01ed143 -> 50fcf97fc410585f4e1adf04b119cfc3
  custom:container-demuxer-webm: 4f35f7cbe854078d1ac9338744f61a02 -> 
  custom:scripting/monoscript/fileName/IfWrapper.cs: 65d4047f8a7df8be7fd89371f754e26a -> 1709388e928b96a5e475de5f721d4d12
  custom:scripting/monoscript/fileName/AvatarModelPostprocessor.cs: 26917c4d5380f52fd4e9b527eda4553f -> 442e206e982d416075234a1ab81b66b5
  custom:scripting/monoscript/fileName/LazyMaterial.cs: 808c3c57eac7d67033a06f9e6b0d2dee -> 38e540461898271e15fca89ad6da786a
  custom:scripting/monoscript/fileName/SingleLineTextureNoScaleOffsetDrawer.cs: 13944c9192e4ccc49c00c705703a47d1 -> 118e20f4f0c7f184aa5f451fe275636c
  custom:scripting/monoscript/fileName/ShadowRendererList.cs: 84feb91fd2cf15598a7fe68e2ca3b1b9 -> e5156d18635fe4b1b79504dba5fd6c24
  custom:scripting/monoscript/fileName/ForwardDrawObjectsPass.cs: 2de007fac4568820037f66ae1e405dae -> d91d755ef17aa57974683ce901e2c107
  custom:scripting/monoscript/fileName/StarRailCharacterRenderingControllerEditor.cs: 2f9c84ee363380c0d37f2dc52366a9bd -> d97209f7a52555d5f0aa1f13fe253f22
  custom:scripting/monoscript/fileName/MemberValueScope.cs: 8f6297df34271fdb1ce2d9607ec6261d -> 90647cc400823b41df847a6cbfc29026
  custom:scripting/monoscript/fileName/HairDepthOnlyPass.cs: 56fa183d3b48c279799657a13f65d6a9 -> 895094434859b1729dbf17a21b4e1d5c
  custom:scripting/monoscript/fileName/BuiltinShaderProvider.cs: 985764ca46e8a537764f4d1c5553afd6 -> 8122dbe577543a061bb79f86b9d4d136
  custom:scripting/monoscript/fileName/PriorityBuffer.cs: 8f6297df34271fdb1ce2d9607ec6261d -> 90647cc400823b41df847a6cbfc29026
  custom:container-muxer-webm: aa71ff27fc2769a1b78a27578f13a17b -> 
  custom:scripting/monoscript/fileName/StarRailShaderGUI.cs: 029324d87daedcc5aa203971fa6497d0 -> bc9c27c90e72d4033f3cc575722f44e1
  custom:scripting/monoscript/fileName/IndentWrapper.cs: 1195bd7e9301c455698c6d183de817b0 -> 0aa2f8df4cca52b8c2d4efdeff701fc1
  custom:video-decoder-webm-vp8: 9c59270c3fd7afecdb556c50c9e8de78 -> 
  custom:scripting/monoscript/fileName/StarRailRendererFeatureEditor.cs: 498dff51f5932dde8cc5da26c0a625df -> 2322efec571cc715562f8fbd4209942a
  custom:scripting/monoscript/fileName/IShadowCaster.cs: 4296cb6daacfd506d30b1ede94e9b781 -> ca484dbc9b838cc408f3d718dcf9d64f
  custom:scripting/monoscript/fileName/MaterialJsonData.cs: 8b9d8aa736a4c46bf589fe19360041f7 -> c2aae267c0cb82e6d041ceac1a1ef6a3
  custom:SearchIndexIgnoredProperties: e643bd26f0fe6173181afceb89e7c659 -> 
  custom:AudioImporter_EditorPlatform: d09bf68614088b80899f8185d706f6e7 -> 
  custom:scripting/monoscript/fileName/ScreenSpaceShadowsPass.cs: de89f7a31c154d54320b1d48f96fd75c -> 6dad9446b6551ef94ee72049f6c07f5b
  custom:scripting/monoscript/fileName/ShadowCasterManager.cs: e4eb419f8e719c715a5a329e357a536e -> a1c1f2704b651e956d351d877b11fbc3
  custom:scripting/monoscript/fileName/AssetProcessorConfig.cs: f7c46d26a9325618d2fdc31083d67004 -> fbac4ceab4f0ca3eaa9a71e60a0e0df6
  custom:scripting/monoscript/fileName/AssetProcessorGlobalSettingsProvider.cs: f52fd942fc6af1ac74fa81876125a599 -> e1326f46f95834a1c16dfbf95d024f81
  custom:scripting/monoscript/fileName/StarRailBuiltinShaders.cs: 5528c45a4626e8f2581494ca046ea2ca -> be2540f286799ce83bd178d1e16a69d9
  custom:scripting/monoscript/fileName/MinMaxRangeDrawer.cs: c5c74d5fa94736d43726f75afb4f748f -> c1f6f5c9ebad3d3e7c08a8937c3df6d6
  custom:scripting/monoscript/fileName/SetKeywordPass.cs: afe79abba5f13adf8521f8080357ea7a -> ed6385cf0c855df7549366d515f0f69a
  custom:scripting/monoscript/fileName/ShadowCasterUtility.cs: 614d4226bce8fe484a1071a8751bb8ed -> 075a2e6dccf1d35648a92671f988f4ea
  custom:scripting/monoscript/fileName/HSRMaterialIDPropertyDrawer.cs: 2d68686f7a8495cfac170a9c9c4b62ee -> 6d2ab57ac5b7ea898651fe315f3bbae7
  custom:scripting/monoscript/fileName/HSRMaterialIDSelectorDrawer.cs: 801cc006e8dcafc4a7647661be6b04b3 -> 6e2d7ab60bf9882df0ac7a074d320822
  custom:scripting/monoscript/fileName/MaterialJsonImporterEditor.cs: 06cd4e35c7726106fe69557304531459 -> 9daa132228c05e5f0e217d4d2d0f6490
  custom:scripting/monoscript/fileName/ScreenSpaceShadowsPostPass.cs: 39d974f927b9ca22e961ae766e7c4163 -> c53a603cc053591ff7f50734fca63634
  custom:scripting/monoscript/fileName/RequestResourcePass.cs: 0807b7a6a114f14c61614ac9a3aeedd9 -> d1fd81b0853b19fa90824a4f19610e6c
  custom:scripting/monoscript/fileName/MemberNameHelpers.cs: c957d325dd0aa3926ffd998028181ce0 -> 9c7246cea4b02850fc42e0ede8ce2ece
  custom:video-encoder-webm-vp8: eb34c28f22e8b96e1ab97ce403110664 -> 
  custom:audio-decoder-ogg-vorbis: bf7c407c2cedff20999df2af8eb42d56 -> 
  custom:scripting/monoscript/fileName/NormalUtility.cs: 1d57d12f594fe63e6b31cdba96bd0db4 -> f5c1486ed534667574b2c7f2dafa85b9
  custom:scripting/monoscript/fileName/BodyMaterialSetter.cs: 09bc936ab5ab0fb2308c991590c42cd0 -> 859424d610b314eabe8c7087562fa691
  custom:scripting/monoscript/fileName/StarRailCharacterRenderingController.cs: 23879ec3d66eddd71981806cd13b9f7d -> 2aeed3832503c7881c39a53fa3a947f5
  custom:scripting/monoscript/fileName/EyeShadowMaterialSetter.cs: 7a80035e31c74849e50847dcaaa5875e -> 482688024d981781fcf92ac1fc847a83
  custom:audio-encoder-webm-vorbis: bf7c407c2cedff20999df2af8eb42d56 -> 
  custom:scripting/monoscript/fileName/ShadowCasterCullingArgs.cs: 600fa44b794295dc0f1e5ff10e4d7543 -> abec3dbc6b4bf36b2bb760e2148b8d81
  custom:scripting/monoscript/fileName/Shaders.cs: 9f851f085d8fd9a7de6435c4b26279f5 -> 50da3b4ecfe42d6b4e662c2dd73fffc7
  custom:scripting/monoscript/fileName/MaterialPropertyWrapper.cs: 3f75f62201895e21daf3e72b1e6d1e24 -> 191128b6cb5f8160ce05b09c261fe42b
  custom:scripting/monoscript/fileName/MaterialJsonImporter.cs: e95659c56b74f209be2550b9b53090d9 -> 0bade651fa416d9e47dbddae8807db58
  custom:scripting/monoscript/fileName/PostProcessPass.cs: ee8264d9b559fb24c1d1df09521fb742 -> d09c98d738d344fb85c5944874fda405
  custom:scripting/monoscript/fileName/PerObjectShadowCasterPass.cs: 704e988f2bd2d337208ebcaad798ea46 -> 4b2c5e9ed42d6471df04bed1a6da59b0
  custom:scripting/monoscript/fileName/CustomTonemappingMode.cs: e0c8eb78b6f4935260be564401b5ade8 -> 3e18e0f53299540655de44d480d62578
  custom:scripting/monoscript/fileName/CustomBloom.cs: 39ea742e21ad673a6e67adf5f323b8bd -> c4393a1a73cc281a737b5f0c01042ef1
