Using pre-set license
Built from '2022.3/china_unity/release' branch; Version is '2022.3.42f1c1 (d3f79ae33604) revision 13891482'; Using compiler version '192829333'; Build Type 'Release'
OS: 'Windows 11  (10.0.26100) 64bit Professional' Language: 'zh' Physical Memory: 32599 MB
BatchMode: 1, IsHumanControllingUs: 0, StartBugReporterOnCrash: 0, Is64bit: 1, IsPro: 1

COMMAND LINE ARGUMENTS:
E:\2022.3.42f1c1\Editor\Unity.exe
-adb2
-batchMode
-noUpm
-name
AssetImportWorker6
-projectPath
E:/UnityProjects/Two-dimensional-war
-logFile
Logs/AssetImportWorker6.log
-srvPort
57258
Successfully changed project path to: E:/UnityProjects/Two-dimensional-war
E:/UnityProjects/Two-dimensional-war
[UnityMemory] Configuration Parameters - Can be set up in boot.config
    "memorysetup-bucket-allocator-granularity=16"
    "memorysetup-bucket-allocator-bucket-count=8"
    "memorysetup-bucket-allocator-block-size=33554432"
    "memorysetup-bucket-allocator-block-count=8"
    "memorysetup-main-allocator-block-size=16777216"
    "memorysetup-thread-allocator-block-size=16777216"
    "memorysetup-gfx-main-allocator-block-size=16777216"
    "memorysetup-gfx-thread-allocator-block-size=16777216"
    "memorysetup-cache-allocator-block-size=4194304"
    "memorysetup-typetree-allocator-block-size=2097152"
    "memorysetup-profiler-bucket-allocator-granularity=16"
    "memorysetup-profiler-bucket-allocator-bucket-count=8"
    "memorysetup-profiler-bucket-allocator-block-size=33554432"
    "memorysetup-profiler-bucket-allocator-block-count=8"
    "memorysetup-profiler-allocator-block-size=16777216"
    "memorysetup-profiler-editor-allocator-block-size=1048576"
    "memorysetup-temp-allocator-size-main=16777216"
    "memorysetup-job-temp-allocator-block-size=2097152"
    "memorysetup-job-temp-allocator-block-size-background=1048576"
    "memorysetup-job-temp-allocator-reduction-small-platforms=262144"
    "memorysetup-allocator-temp-initial-block-size-main=262144"
    "memorysetup-allocator-temp-initial-block-size-worker=262144"
    "memorysetup-temp-allocator-size-background-worker=32768"
    "memorysetup-temp-allocator-size-job-worker=262144"
    "memorysetup-temp-allocator-size-preload-manager=33554432"
    "memorysetup-temp-allocator-size-nav-mesh-worker=65536"
    "memorysetup-temp-allocator-size-audio-worker=65536"
    "memorysetup-temp-allocator-size-cloud-worker=32768"
    "memorysetup-temp-allocator-size-gi-baking-worker=262144"
    "memorysetup-temp-allocator-size-gfx=262144"
Player connection [23516]  Target information:

Player connection [23516]  * "[IP] 10.11.27.200 [Port] 0 [Flags] 2 [Guid] 2360772672 [EditorId] 2360772672 [Version] 1048832 [Id] WindowsEditor(7,CHINAMI-V7CS1ND) [Debug] 1 [PackageName] WindowsEditor [ProjectName] Editor" 

Player connection [23516]  * "[IP] 26.79.196.18 [Port] 0 [Flags] 2 [Guid] 2360772672 [EditorId] 2360772672 [Version] 1048832 [Id] WindowsEditor(7,CHINAMI-V7CS1ND) [Debug] 1 [PackageName] WindowsEditor [ProjectName] Editor" 

Player connection [23516] Host joined multi-casting on [225.0.0.222:54997]...
Player connection [23516] Host joined alternative multi-casting on [225.0.0.222:34997]...
[PhysX] Initialized MultithreadedTaskDispatcher with 16 workers.
Refreshing native plugins compatible for Editor in 73.18 ms, found 3 plugins.
Preloading 0 native plugins for Editor in 0.00 ms.
Initialize engine version: 2022.3.42f1c1 (d3f79ae33604)
[Subsystems] Discovering subsystems at path E:/2022.3.42f1c1/Editor/Data/Resources/UnitySubsystems
[Subsystems] Discovering subsystems at path E:/UnityProjects/Two-dimensional-war/Assets
GfxDevice: creating device client; threaded=0; jobified=0
Direct3D:
    Version:  Direct3D 11.0 [level 11.1]
    Renderer: NVIDIA GeForce RTX 4070 SUPER (ID=0x2783)
    Vendor:   NVIDIA
    VRAM:     11999 MB
    Driver:   32.0.15.8115
Initialize mono
Mono path[0] = 'E:/2022.3.42f1c1/Editor/Data/Managed'
Mono path[1] = 'E:/2022.3.42f1c1/Editor/Data/MonoBleedingEdge/lib/mono/unityjit-win32'
Mono config path = 'E:/2022.3.42f1c1/Editor/Data/MonoBleedingEdge/etc'
Using monoOptions --debugger-agent=transport=dt_socket,embedding=1,server=y,suspend=n,address=127.0.0.1:56200
Begin MonoManager ReloadAssembly
Registering precompiled unity dll's ...
Register platform support module: E:/2022.3.42f1c1/Editor/Data/PlaybackEngines/AndroidPlayer/UnityEditor.Android.Extensions.dll
Register platform support module: E:/2022.3.42f1c1/Editor/Data/PlaybackEngines/WindowsStandaloneSupport/UnityEditor.WindowsStandalone.Extensions.dll
Registered in 0.017847 seconds.
- Loaded All Assemblies, in  0.401 seconds
Native extension for WindowsStandalone target not found
Native extension for Android target not found
Android Extension - Scanning For ADB Devices 1031 ms
Mono: successfully reloaded assembly
- Finished resetting the current domain, in  1.316 seconds
Domain Reload Profiling: 1707ms
	BeginReloadAssembly (137ms)
		ExecutionOrderSort (0ms)
		DisableScriptedObjects (0ms)
		BackupInstance (0ms)
		ReleaseScriptingObjects (0ms)
		CreateAndSetChildDomain (1ms)
	RebuildCommonClasses (31ms)
	RebuildNativeTypeToScriptingClass (8ms)
	initialDomainReloadingComplete (84ms)
	LoadAllAssembliesAndSetupDomain (129ms)
		LoadAssemblies (127ms)
		RebuildTransferFunctionScriptingTraits (0ms)
		AnalyzeDomain (126ms)
			TypeCache.Refresh (125ms)
				TypeCache.ScanAssembly (114ms)
			ScanForSourceGeneratedMonoScriptInfo (0ms)
			ResolveRequiredComponents (0ms)
	FinalizeReload (1317ms)
		ReleaseScriptCaches (0ms)
		RebuildScriptCaches (0ms)
		SetupLoadedEditorAssemblies (1284ms)
			LogAssemblyErrors (0ms)
			InitializePlatformSupportModulesInManaged (1136ms)
			SetLoadedEditorAssemblies (4ms)
			RefreshPlugins (0ms)
			BeforeProcessingInitializeOnLoad (2ms)
			ProcessInitializeOnLoadAttributes (95ms)
			ProcessInitializeOnLoadMethodAttributes (46ms)
			AfterProcessingInitializeOnLoad (0ms)
			EditorAssembliesLoaded (0ms)
		ExecutionOrderSort2 (0ms)
		AwakeInstancesAfterBackupRestoration (0ms)
========================================================================
Worker process is ready to serve import requests
Caller must complete domain reload
Begin MonoManager ReloadAssembly
Symbol file LoadedFromMemory is not a mono symbol file
- Loaded All Assemblies, in  0.922 seconds
Native extension for WindowsStandalone target not found
Native extension for Android target not found
[MODES] ModeService[none].Initialize
[MODES] ModeService[none].LoadModes
[MODES] Loading mode Default (0) for mode-current-id-Two-dimensional war
Mono: successfully reloaded assembly
- Finished resetting the current domain, in  0.840 seconds
Domain Reload Profiling: 1739ms
	BeginReloadAssembly (145ms)
		ExecutionOrderSort (0ms)
		DisableScriptedObjects (4ms)
		BackupInstance (0ms)
		ReleaseScriptingObjects (0ms)
		CreateAndSetChildDomain (16ms)
	RebuildCommonClasses (26ms)
	RebuildNativeTypeToScriptingClass (7ms)
	initialDomainReloadingComplete (58ms)
	LoadAllAssembliesAndSetupDomain (662ms)
		LoadAssemblies (546ms)
		RebuildTransferFunctionScriptingTraits (0ms)
		AnalyzeDomain (209ms)
			TypeCache.Refresh (173ms)
				TypeCache.ScanAssembly (156ms)
			ScanForSourceGeneratedMonoScriptInfo (25ms)
			ResolveRequiredComponents (10ms)
	FinalizeReload (841ms)
		ReleaseScriptCaches (0ms)
		RebuildScriptCaches (0ms)
		SetupLoadedEditorAssemblies (703ms)
			LogAssemblyErrors (0ms)
			InitializePlatformSupportModulesInManaged (29ms)
			SetLoadedEditorAssemblies (3ms)
			RefreshPlugins (0ms)
			BeforeProcessingInitializeOnLoad (102ms)
			ProcessInitializeOnLoadAttributes (432ms)
			ProcessInitializeOnLoadMethodAttributes (110ms)
			AfterProcessingInitializeOnLoad (27ms)
			EditorAssembliesLoaded (0ms)
		ExecutionOrderSort2 (0ms)
		AwakeInstancesAfterBackupRestoration (11ms)
Launched and connected shader compiler UnityShaderCompiler.exe after 0.08 seconds
Refreshing native plugins compatible for Editor in 22.22 ms, found 3 plugins.
Preloading 0 native plugins for Editor in 0.00 ms.
Unloading 6885 Unused Serialized files (Serialized files now loaded: 0)
Unloading 52 unused Assets / (490.2 KB). Loaded Objects now: 7348.
Memory consumption went from 294.6 MB to 294.1 MB.
Total: 3.553200 ms (FindLiveObjects: 0.349300 ms CreateObjectMapping: 0.238100 ms MarkObjects: 2.716400 ms  DeleteObjects: 0.247900 ms)

AssetImportParameters requested are different than current active one (requested -> active):
  custom:container-demuxer-ogg: 62fdf1f143b41e24485cea50d1cbac27 -> 
  custom:framework-win-MediaFoundation: 216162199b28c13a410421893ffa2e32 -> 
  custom:container-muxer-webm: aa71ff27fc2769a1b78a27578f13a17b -> 
  custom:video-decoder-webm-vp8: 9c59270c3fd7afecdb556c50c9e8de78 -> 
  custom:SearchIndexIgnoredProperties: e643bd26f0fe6173181afceb89e7c659 -> 
  custom:AudioImporter_EditorPlatform: d09bf68614088b80899f8185d706f6e7 -> 
  custom:audio-decoder-ogg-vorbis: bf7c407c2cedff20999df2af8eb42d56 -> 
  custom:audio-encoder-webm-vorbis: bf7c407c2cedff20999df2af8eb42d56 -> 
  custom:video-decoder-ogg-theora: a1e56fd34408186e4bbccfd4996cb3dc -> 
  custom:CustomObjectIndexerAttribute: 72b91833f83ae208fae7752999fa3104 -> 
  custom:container-demuxer-webm: 4f35f7cbe854078d1ac9338744f61a02 -> 
  custom:video-encoder-webm-vp8: eb34c28f22e8b96e1ab97ce403110664 -> 
========================================================================
Received Import Request.
  Time since last request: 3497.152172 seconds.
  path: Assets/OtherAssets/CleanFlatIcon/png_128/button/button_circle/button_circle_2.png
  artifactKey: Guid(259a174c3e7611b43886baa54e235566) Importer(815301076,1909f56bfc062723c751e8b465ee728b)
Start importing Assets/OtherAssets/CleanFlatIcon/png_128/button/button_circle/button_circle_2.png using Guid(259a174c3e7611b43886baa54e235566) Importer(815301076,1909f56bfc062723c751e8b465ee728b) [PhysX] Initialized MultithreadedTaskDispatcher with 16 workers.
[PhysX] Initialized MultithreadedTaskDispatcher with 16 workers.
 -> (artifact id: '2d28057cde4c337cf12feae0ce6d08d0') in 0.072809 seconds
Number of updated asset objects reloaded before import = 0
Number of asset objects unloaded after import = 3
========================================================================
Received Import Request.
  Time since last request: 0.059887 seconds.
  path: Assets/OtherAssets/CleanFlatIcon/png_128/button/button_circle/button_circle_3.png
  artifactKey: Guid(5188d005310e5824f9cd9f4f460539dc) Importer(815301076,1909f56bfc062723c751e8b465ee728b)
Start importing Assets/OtherAssets/CleanFlatIcon/png_128/button/button_circle/button_circle_3.png using Guid(5188d005310e5824f9cd9f4f460539dc) Importer(815301076,1909f56bfc062723c751e8b465ee728b) [PhysX] Initialized MultithreadedTaskDispatcher with 16 workers.
[PhysX] Initialized MultithreadedTaskDispatcher with 16 workers.
 -> (artifact id: '994d3bbe15abbb69d4ac6df37c2af9b4') in 0.011727 seconds
Number of updated asset objects reloaded before import = 0
Number of asset objects unloaded after import = 3
========================================================================
Received Import Request.
  Time since last request: 0.068899 seconds.
  path: Assets/OtherAssets/CleanFlatIcon/png_128/button/button_circle/button_circle_6.png
  artifactKey: Guid(8b8890638e2120e48a8390eefe045a28) Importer(815301076,1909f56bfc062723c751e8b465ee728b)
Start importing Assets/OtherAssets/CleanFlatIcon/png_128/button/button_circle/button_circle_6.png using Guid(8b8890638e2120e48a8390eefe045a28) Importer(815301076,1909f56bfc062723c751e8b465ee728b) [PhysX] Initialized MultithreadedTaskDispatcher with 16 workers.
[PhysX] Initialized MultithreadedTaskDispatcher with 16 workers.
 -> (artifact id: '892906c13a353c2501b7a1e251d14a41') in 0.010724 seconds
Number of updated asset objects reloaded before import = 0
Number of asset objects unloaded after import = 3
========================================================================
Received Import Request.
  Time since last request: 0.117606 seconds.
  path: Assets/OtherAssets/CleanFlatIcon/png_128/button/button_circle/button_circle_10.png
  artifactKey: Guid(283be7c2f4abd1a42bcefd60dc817a86) Importer(815301076,1909f56bfc062723c751e8b465ee728b)
Start importing Assets/OtherAssets/CleanFlatIcon/png_128/button/button_circle/button_circle_10.png using Guid(283be7c2f4abd1a42bcefd60dc817a86) Importer(815301076,1909f56bfc062723c751e8b465ee728b) [PhysX] Initialized MultithreadedTaskDispatcher with 16 workers.
[PhysX] Initialized MultithreadedTaskDispatcher with 16 workers.
 -> (artifact id: '9bcf20bd5f6de2aac5358b897e7021e7') in 0.011631 seconds
Number of updated asset objects reloaded before import = 0
Number of asset objects unloaded after import = 3
========================================================================
Received Import Request.
  Time since last request: 0.000023 seconds.
  path: Assets/OtherAssets/CleanFlatIcon/png_128/button/button_circle/button_circle_12.png
  artifactKey: Guid(3d6fae31c0791a44b9339e7a3ca66302) Importer(815301076,1909f56bfc062723c751e8b465ee728b)
Start importing Assets/OtherAssets/CleanFlatIcon/png_128/button/button_circle/button_circle_12.png using Guid(3d6fae31c0791a44b9339e7a3ca66302) Importer(815301076,1909f56bfc062723c751e8b465ee728b) [PhysX] Initialized MultithreadedTaskDispatcher with 16 workers.
[PhysX] Initialized MultithreadedTaskDispatcher with 16 workers.
 -> (artifact id: 'cea669f07f46f8c7f65dec88fb4195ac') in 0.010234 seconds
Number of updated asset objects reloaded before import = 0
Number of asset objects unloaded after import = 3
========================================================================
Received Import Request.
  Time since last request: 0.000020 seconds.
  path: Assets/OtherAssets/CleanFlatIcon/png_128/button/button_circle/button_circle_7.png
  artifactKey: Guid(ec760a3d2e5de404480344385aa36134) Importer(815301076,1909f56bfc062723c751e8b465ee728b)
Start importing Assets/OtherAssets/CleanFlatIcon/png_128/button/button_circle/button_circle_7.png using Guid(ec760a3d2e5de404480344385aa36134) Importer(815301076,1909f56bfc062723c751e8b465ee728b) [PhysX] Initialized MultithreadedTaskDispatcher with 16 workers.
[PhysX] Initialized MultithreadedTaskDispatcher with 16 workers.
 -> (artifact id: 'af357d9815bd56ba0fe2b6cd94ccdd08') in 0.012991 seconds
Number of updated asset objects reloaded before import = 0
Number of asset objects unloaded after import = 3
========================================================================
Received Import Request.
  Time since last request: 0.000124 seconds.
  path: Assets/OtherAssets/CleanFlatIcon/png_128/button/button_circle/button_circle_5.png
  artifactKey: Guid(353dcb01528f0c44091557085923c78c) Importer(815301076,1909f56bfc062723c751e8b465ee728b)
Start importing Assets/OtherAssets/CleanFlatIcon/png_128/button/button_circle/button_circle_5.png using Guid(353dcb01528f0c44091557085923c78c) Importer(815301076,1909f56bfc062723c751e8b465ee728b) [PhysX] Initialized MultithreadedTaskDispatcher with 16 workers.
[PhysX] Initialized MultithreadedTaskDispatcher with 16 workers.
 -> (artifact id: 'ecde2df378c70c21714946ab483fa16f') in 0.010285 seconds
Number of updated asset objects reloaded before import = 0
Number of asset objects unloaded after import = 3
========================================================================
Received Import Request.
  Time since last request: 0.000022 seconds.
  path: Assets/OtherAssets/CleanFlatIcon/png_128/button/button_circle/button_circle_17.png
  artifactKey: Guid(847c6a5c97e52124ab1a4e565abfb7cf) Importer(815301076,1909f56bfc062723c751e8b465ee728b)
Start importing Assets/OtherAssets/CleanFlatIcon/png_128/button/button_circle/button_circle_17.png using Guid(847c6a5c97e52124ab1a4e565abfb7cf) Importer(815301076,1909f56bfc062723c751e8b465ee728b) [PhysX] Initialized MultithreadedTaskDispatcher with 16 workers.
[PhysX] Initialized MultithreadedTaskDispatcher with 16 workers.
 -> (artifact id: 'c094f72ef0c64217cc8f1a80ab9131dd') in 0.013936 seconds
Number of updated asset objects reloaded before import = 0
Number of asset objects unloaded after import = 3
========================================================================
Received Import Request.
  Time since last request: 0.000025 seconds.
  path: Assets/OtherAssets/CleanFlatIcon/png_128/button/button_circle/button_circle_16.png
  artifactKey: Guid(63e2f3fc594d74b48a38aaa305a015eb) Importer(815301076,1909f56bfc062723c751e8b465ee728b)
Start importing Assets/OtherAssets/CleanFlatIcon/png_128/button/button_circle/button_circle_16.png using Guid(63e2f3fc594d74b48a38aaa305a015eb) Importer(815301076,1909f56bfc062723c751e8b465ee728b) [PhysX] Initialized MultithreadedTaskDispatcher with 16 workers.
[PhysX] Initialized MultithreadedTaskDispatcher with 16 workers.
 -> (artifact id: '605f1f0bc4c074eb23369d50f861cfb7') in 0.009486 seconds
Number of updated asset objects reloaded before import = 0
Number of asset objects unloaded after import = 3
========================================================================
Received Import Request.
  Time since last request: 0.443661 seconds.
  path: Assets/OtherAssets/CleanFlatIcon/png_128/button/button_circle/button_circle_20.png
  artifactKey: Guid(c7d77e538c59fc74aa45c0af5f736720) Importer(815301076,1909f56bfc062723c751e8b465ee728b)
Start importing Assets/OtherAssets/CleanFlatIcon/png_128/button/button_circle/button_circle_20.png using Guid(c7d77e538c59fc74aa45c0af5f736720) Importer(815301076,1909f56bfc062723c751e8b465ee728b) [PhysX] Initialized MultithreadedTaskDispatcher with 16 workers.
[PhysX] Initialized MultithreadedTaskDispatcher with 16 workers.
 -> (artifact id: 'b28c81537331531a8e598897f505ba92') in 0.012460 seconds
Number of updated asset objects reloaded before import = 0
Number of asset objects unloaded after import = 3
========================================================================
Received Import Request.
  Time since last request: 0.219613 seconds.
  path: Assets/OtherAssets/CleanFlatIcon/png_128/button/button_circle/button_circle_24.png
  artifactKey: Guid(77bbbedf19bb8a54ca4c38cef78e4e64) Importer(815301076,1909f56bfc062723c751e8b465ee728b)
Start importing Assets/OtherAssets/CleanFlatIcon/png_128/button/button_circle/button_circle_24.png using Guid(77bbbedf19bb8a54ca4c38cef78e4e64) Importer(815301076,1909f56bfc062723c751e8b465ee728b) [PhysX] Initialized MultithreadedTaskDispatcher with 16 workers.
[PhysX] Initialized MultithreadedTaskDispatcher with 16 workers.
 -> (artifact id: '36a8d1276af84527d860cccffbb94b3e') in 0.010949 seconds
Number of updated asset objects reloaded before import = 0
Number of asset objects unloaded after import = 3
========================================================================
Received Import Request.
  Time since last request: 0.179936 seconds.
  path: Assets/OtherAssets/CleanFlatIcon/png_128/button/button_circle/button_circle_26.png
  artifactKey: Guid(54bd76ccde042ed4e92881e64f484d12) Importer(815301076,1909f56bfc062723c751e8b465ee728b)
Start importing Assets/OtherAssets/CleanFlatIcon/png_128/button/button_circle/button_circle_26.png using Guid(54bd76ccde042ed4e92881e64f484d12) Importer(815301076,1909f56bfc062723c751e8b465ee728b) [PhysX] Initialized MultithreadedTaskDispatcher with 16 workers.
[PhysX] Initialized MultithreadedTaskDispatcher with 16 workers.
 -> (artifact id: '2e89ebcae96068aae2e24878cddaa833') in 0.012110 seconds
Number of updated asset objects reloaded before import = 0
Number of asset objects unloaded after import = 3
========================================================================
Received Import Request.
  Time since last request: 0.224213 seconds.
  path: Assets/OtherAssets/CleanFlatIcon/png_128/button/button_circle/button_circle_30.png
  artifactKey: Guid(68f3365af13a6a24db205f5802966e57) Importer(815301076,1909f56bfc062723c751e8b465ee728b)
Start importing Assets/OtherAssets/CleanFlatIcon/png_128/button/button_circle/button_circle_30.png using Guid(68f3365af13a6a24db205f5802966e57) Importer(815301076,1909f56bfc062723c751e8b465ee728b) [PhysX] Initialized MultithreadedTaskDispatcher with 16 workers.
[PhysX] Initialized MultithreadedTaskDispatcher with 16 workers.
 -> (artifact id: 'e656455be4ab4bca9c91e6af236585d8') in 0.010454 seconds
Number of updated asset objects reloaded before import = 0
Number of asset objects unloaded after import = 3
========================================================================
Received Import Request.
  Time since last request: 0.883561 seconds.
  path: Assets/OtherAssets/CleanFlatIcon/png_128/button/button_corner_rectangle1/button_corner_rectangle1_16.png
  artifactKey: Guid(ea7f26be586f9ac45bc50c5d9e2be36d) Importer(815301076,1909f56bfc062723c751e8b465ee728b)
Start importing Assets/OtherAssets/CleanFlatIcon/png_128/button/button_corner_rectangle1/button_corner_rectangle1_16.png using Guid(ea7f26be586f9ac45bc50c5d9e2be36d) Importer(815301076,1909f56bfc062723c751e8b465ee728b) [PhysX] Initialized MultithreadedTaskDispatcher with 16 workers.
[PhysX] Initialized MultithreadedTaskDispatcher with 16 workers.
 -> (artifact id: '2cd8b5da86984336c0dd91c26562bc88') in 0.014130 seconds
Number of updated asset objects reloaded before import = 0
Number of asset objects unloaded after import = 3
========================================================================
Received Import Request.
  Time since last request: 0.000026 seconds.
  path: Assets/OtherAssets/CleanFlatIcon/png_128/button/button_corner_rectangle1/button_corner_rectangle1_25.png
  artifactKey: Guid(8b162b8e4f0875f4cb35e3573f1a3bc1) Importer(815301076,1909f56bfc062723c751e8b465ee728b)
Start importing Assets/OtherAssets/CleanFlatIcon/png_128/button/button_corner_rectangle1/button_corner_rectangle1_25.png using Guid(8b162b8e4f0875f4cb35e3573f1a3bc1) Importer(815301076,1909f56bfc062723c751e8b465ee728b) [PhysX] Initialized MultithreadedTaskDispatcher with 16 workers.
[PhysX] Initialized MultithreadedTaskDispatcher with 16 workers.
 -> (artifact id: '8fd524be69e004e3b4aa89285b9da154') in 0.011933 seconds
Number of updated asset objects reloaded before import = 0
Number of asset objects unloaded after import = 3
========================================================================
Received Import Request.
  Time since last request: 0.000025 seconds.
  path: Assets/OtherAssets/CleanFlatIcon/png_128/button/button_corner_rectangle1/button_corner_rectangle1_17.png
  artifactKey: Guid(420a1a6f5cd588c43a5fc4b1a9d49a9b) Importer(815301076,1909f56bfc062723c751e8b465ee728b)
Start importing Assets/OtherAssets/CleanFlatIcon/png_128/button/button_corner_rectangle1/button_corner_rectangle1_17.png using Guid(420a1a6f5cd588c43a5fc4b1a9d49a9b) Importer(815301076,1909f56bfc062723c751e8b465ee728b) [PhysX] Initialized MultithreadedTaskDispatcher with 16 workers.
[PhysX] Initialized MultithreadedTaskDispatcher with 16 workers.
 -> (artifact id: '1fff1217d7a212f5f8af351a0bfe5888') in 0.011691 seconds
Number of updated asset objects reloaded before import = 0
Number of asset objects unloaded after import = 3
========================================================================
Received Import Request.
  Time since last request: 0.000026 seconds.
  path: Assets/OtherAssets/CleanFlatIcon/png_128/button/button_corner_rectangle1/button_corner_rectangle1_20.png
  artifactKey: Guid(964dcfb545e2ca545b1006eb1bbb6521) Importer(815301076,1909f56bfc062723c751e8b465ee728b)
Start importing Assets/OtherAssets/CleanFlatIcon/png_128/button/button_corner_rectangle1/button_corner_rectangle1_20.png using Guid(964dcfb545e2ca545b1006eb1bbb6521) Importer(815301076,1909f56bfc062723c751e8b465ee728b) [PhysX] Initialized MultithreadedTaskDispatcher with 16 workers.
[PhysX] Initialized MultithreadedTaskDispatcher with 16 workers.
 -> (artifact id: '3022b499d78ef87ec7626f91cfb3a1fa') in 0.012935 seconds
Number of updated asset objects reloaded before import = 0
Number of asset objects unloaded after import = 3
========================================================================
Received Import Request.
  Time since last request: 0.000027 seconds.
  path: Assets/OtherAssets/CleanFlatIcon/png_128/button/button_corner_rectangle1/button_corner_rectangle1_22.png
  artifactKey: Guid(ca083148d2db684409fd9207174ef184) Importer(815301076,1909f56bfc062723c751e8b465ee728b)
Start importing Assets/OtherAssets/CleanFlatIcon/png_128/button/button_corner_rectangle1/button_corner_rectangle1_22.png using Guid(ca083148d2db684409fd9207174ef184) Importer(815301076,1909f56bfc062723c751e8b465ee728b) [PhysX] Initialized MultithreadedTaskDispatcher with 16 workers.
[PhysX] Initialized MultithreadedTaskDispatcher with 16 workers.
 -> (artifact id: '1489ff99aea922b037962d06049a5a55') in 0.010427 seconds
Number of updated asset objects reloaded before import = 0
Number of asset objects unloaded after import = 3
========================================================================
Received Import Request.
  Time since last request: 0.000022 seconds.
  path: Assets/OtherAssets/CleanFlatIcon/png_128/button/button_corner_rectangle1/button_corner_rectangle1_23.png
  artifactKey: Guid(c1e01958fb5923340a05ba89445ac911) Importer(815301076,1909f56bfc062723c751e8b465ee728b)
Start importing Assets/OtherAssets/CleanFlatIcon/png_128/button/button_corner_rectangle1/button_corner_rectangle1_23.png using Guid(c1e01958fb5923340a05ba89445ac911) Importer(815301076,1909f56bfc062723c751e8b465ee728b) [PhysX] Initialized MultithreadedTaskDispatcher with 16 workers.
[PhysX] Initialized MultithreadedTaskDispatcher with 16 workers.
 -> (artifact id: '9755d978f9d509c2ddd3777fed240ec1') in 0.010790 seconds
Number of updated asset objects reloaded before import = 0
Number of asset objects unloaded after import = 3
========================================================================
Received Import Request.
  Time since last request: 0.000028 seconds.
  path: Assets/OtherAssets/CleanFlatIcon/png_128/button/button_corner_rectangle1/button_corner_rectangle1_27.png
  artifactKey: Guid(f5b6fc5e53bfec044b67221613c2b0e7) Importer(815301076,1909f56bfc062723c751e8b465ee728b)
Start importing Assets/OtherAssets/CleanFlatIcon/png_128/button/button_corner_rectangle1/button_corner_rectangle1_27.png using Guid(f5b6fc5e53bfec044b67221613c2b0e7) Importer(815301076,1909f56bfc062723c751e8b465ee728b) [PhysX] Initialized MultithreadedTaskDispatcher with 16 workers.
[PhysX] Initialized MultithreadedTaskDispatcher with 16 workers.
 -> (artifact id: '328c4dd260869fda2a3938aec5414966') in 0.014008 seconds
Number of updated asset objects reloaded before import = 0
Number of asset objects unloaded after import = 3
========================================================================
Received Import Request.
  Time since last request: 0.000029 seconds.
  path: Assets/OtherAssets/CleanFlatIcon/png_128/button/button_corner_rectangle1/button_corner_rectangle1_28.png
  artifactKey: Guid(38ab07fe5f55c104d9f220d4d04f3156) Importer(815301076,1909f56bfc062723c751e8b465ee728b)
Start importing Assets/OtherAssets/CleanFlatIcon/png_128/button/button_corner_rectangle1/button_corner_rectangle1_28.png using Guid(38ab07fe5f55c104d9f220d4d04f3156) Importer(815301076,1909f56bfc062723c751e8b465ee728b) [PhysX] Initialized MultithreadedTaskDispatcher with 16 workers.
[PhysX] Initialized MultithreadedTaskDispatcher with 16 workers.
 -> (artifact id: '5122cf43d26067834cea6548fabeecba') in 0.010824 seconds
Number of updated asset objects reloaded before import = 0
Number of asset objects unloaded after import = 3
========================================================================
Received Import Request.
  Time since last request: 1.016715 seconds.
  path: Assets/OtherAssets/CleanFlatIcon/png_128/button/button_corner_rectangle1/button_corner_rectangle1_11.png
  artifactKey: Guid(1fe264329d2291a48a011903d79b441c) Importer(815301076,1909f56bfc062723c751e8b465ee728b)
Start importing Assets/OtherAssets/CleanFlatIcon/png_128/button/button_corner_rectangle1/button_corner_rectangle1_11.png using Guid(1fe264329d2291a48a011903d79b441c) Importer(815301076,1909f56bfc062723c751e8b465ee728b) [PhysX] Initialized MultithreadedTaskDispatcher with 16 workers.
[PhysX] Initialized MultithreadedTaskDispatcher with 16 workers.
 -> (artifact id: '59000525798459e869401325d33cb2ad') in 0.011037 seconds
Number of updated asset objects reloaded before import = 0
Number of asset objects unloaded after import = 3
========================================================================
Received Import Request.
  Time since last request: 0.644132 seconds.
  path: Assets/OtherAssets/CleanFlatIcon/png_128/button/button_corner_rectangle1/button_corner_rectangle1_4.png
  artifactKey: Guid(dbebbadc070e9e64ea855fb7d09c5d78) Importer(815301076,1909f56bfc062723c751e8b465ee728b)
Start importing Assets/OtherAssets/CleanFlatIcon/png_128/button/button_corner_rectangle1/button_corner_rectangle1_4.png using Guid(dbebbadc070e9e64ea855fb7d09c5d78) Importer(815301076,1909f56bfc062723c751e8b465ee728b) [PhysX] Initialized MultithreadedTaskDispatcher with 16 workers.
[PhysX] Initialized MultithreadedTaskDispatcher with 16 workers.
 -> (artifact id: '99a953c3f958b659241532b42aed17f0') in 0.009592 seconds
Number of updated asset objects reloaded before import = 0
Number of asset objects unloaded after import = 3
========================================================================
Received Import Request.
  Time since last request: 0.169665 seconds.
  path: Assets/OtherAssets/CleanFlatIcon/png_128/button/button_corner_rectangle1/button_corner_rectangle1_1.png
  artifactKey: Guid(d437a6819c2428d4ebcff200ea171199) Importer(815301076,1909f56bfc062723c751e8b465ee728b)
Start importing Assets/OtherAssets/CleanFlatIcon/png_128/button/button_corner_rectangle1/button_corner_rectangle1_1.png using Guid(d437a6819c2428d4ebcff200ea171199) Importer(815301076,1909f56bfc062723c751e8b465ee728b) [PhysX] Initialized MultithreadedTaskDispatcher with 16 workers.
[PhysX] Initialized MultithreadedTaskDispatcher with 16 workers.
 -> (artifact id: '19577880e35f42adc55ee7f87af0568e') in 0.008989 seconds
Number of updated asset objects reloaded before import = 0
Number of asset objects unloaded after import = 3
Editor requested this worker to shutdown with reason: Scaling down because of idle timeout
TcpMessagingSession - receive error: operation aborted. errorcode: 995, details: 由于线程退出或应用程序请求，已中止 I/O 操作。
AssetImportWorker is now disconnected from the server
Process exiting
Exiting without the bug reporter. Application will terminate with return code 0